Build started 6/12/2013 3:56:44 PM.
     1>Project "C:\Users\austin\Desktop\d3d9\d3d9\d3d9.vcxproj" on node 2 (build target(s)).
     1>InitializeBuildStatus:
         Creating "x64\Debug\d3d9.unsuccessfulbuild" because "AlwaysCreate" was specified.
       ClCompile:
         C:\Program Files (x86)\Microsoft Visual Studio 10.0\VC\bin\x86_amd64\CL.exe /c /I"C:\Program Files (x86)\Microsoft DirectX SDK (June 2010)\Include" /Zi /nologo /W3 /WX- /Od /D _MBCS /Gm /EHsc /RTC1 /MDd /GS /fp:precise /Zc:wchar_t /Zc:forScope /Fo"x64\Debug\\" /Fd"x64\Debug\vc100.pdb" /Gd /TP /errorReport:prompt d3d9.cpp
         d3d9.cpp
     1>d3d9.cpp(193): warning C4244: 'return' : conversion from 'WPARAM' to 'int', possible loss of data
       Link:
         C:\Program Files (x86)\Microsoft Visual Studio 10.0\VC\bin\x86_amd64\link.exe /ERRORREPORT:PROMPT /OUT:"C:\Users\austin\Desktop\d3d9\x64\Debug\d3d9.exe" /NOLOGO /LIBPATH:"C:\Program Files (x86)\Microsoft DirectX SDK (June 2010)\Lib\x64" /LIBPATH:"C:\Program Files\Microsoft SDKs\Windows\v7.1\Lib\x64" d3d9.lib kernel32.lib user32.lib gdi32.lib winspool.lib comdlg32.lib advapi32.lib shell32.lib ole32.lib oleaut32.lib uuid.lib odbc32.lib odbccp32.lib /MANIFEST /ManifestFile:"x64\Debug\d3d9.exe.intermediate.manifest" /MANIFESTUAC:"level='asInvoker' uiAccess='false'" /DEBUG /PDB:"C:\Users\austin\Desktop\d3d9\x64\Debug\d3d9.pdb" /TLBID:1 /DYNAMICBASE /NXCOMPAT /IMPLIB:"C:\Users\austin\Desktop\d3d9\x64\Debug\d3d9.lib" /MACHINE:X64 x64\Debug\d3d9.obj
         LINK : C:\Users\austin\Desktop\d3d9\x64\Debug\d3d9.exe not found or not built by the last incremental link; performing full link
         d3d9.vcxproj -> C:\Users\austin\Desktop\d3d9\x64\Debug\d3d9.exe
       Manifest:
         C:\Program Files (x86)\Microsoft SDKs\Windows\v7.0A\bin\mt.exe /nologo /verbose /outputresource:"C:\Users\austin\Desktop\d3d9\x64\Debug\d3d9.exe;#1" /manifest x64\Debug\d3d9.exe.intermediate.manifest
       FinalizeBuildStatus:
         Deleting file "x64\Debug\d3d9.unsuccessfulbuild".
         Touching "x64\Debug\d3d9.lastbuildstate".
     1>Done Building Project "C:\Users\austin\Desktop\d3d9\d3d9\d3d9.vcxproj" (build target(s)).

Build succeeded.

Time Elapsed 00:00:02.39
